2023-12-31 21:38:08.738  INFO 15260 --- [restartedMain] c.e.GetTimeDate.GetTimeDateApplication   : Starting GetTimeDateApplication using Java 17.0.9 on LAPTOP-7R55RD7L with PID 15260 (D:\Eclipse_Workspace\GetTimeDate\target\classes started by manda in D:\Eclipse_Workspace\GetTimeDate)
2023-12-31 21:38:08.738  INFO 15260 --- [restartedMain] c.e.GetTimeDate.GetTimeDateApplication   : No active profile set, falling back to 1 default profile: "default"
2023-12-31 21:38:09.032  INFO 15260 --- [restartedMain] trationDelegate$BeanPostProcessorChecker : Bean 'org.springframework.ws.config.annotation.DelegatingWsConfiguration' of type [org.springframework.ws.config.annotation.DelegatingWsConfiguration$$EnhancerBySpringCGLIB$$f68da679] is not eligible for getting processed by all BeanPostProcessors (for example: not eligible for auto-proxying)
2023-12-31 21:38:09.037  INFO 15260 --- [restartedMain] .w.s.a.s.AnnotationActionEndpointMapping : Supporting [WS-Addressing August 2004, WS-Addressing 1.0]
2023-12-31 21:38:09.086  INFO 15260 --- [restartedMain] o.s.b.w.embedded.tomcat.TomcatWebServer  : Tomcat initialized with port(s): 9081 (http)
2023-12-31 21:38:09.087  INFO 15260 --- [restartedMain] o.apache.catalina.core.StandardService   : Starting service [Tomcat]
2023-12-31 21:38:09.088  INFO 15260 --- [restartedMain] org.apache.catalina.core.StandardEngine  : Starting Servlet engine: [Apache Tomcat/9.0.74]
2023-12-31 21:38:09.133  INFO 15260 --- [restartedMain] o.a.c.c.C.[Tomcat].[localhost].[/]       : Initializing Spring embedded WebApplicationContext
2023-12-31 21:38:09.133  INFO 15260 --- [restartedMain] w.s.c.ServletWebServerApplicationContext : Root WebApplicationContext: initialization completed in 389 ms
2023-12-31 21:38:09.237  INFO 15260 --- [restartedMain] AbstractAzureServiceClientBuilderFactory : Will configure the default credential of type DefaultAzureCredential for class com.azure.identity.DefaultAzureCredentialBuilder.
2023-12-31 21:38:09.269  INFO 15260 --- [restartedMain] o.s.b.d.a.OptionalLiveReloadServer       : LiveReload server is running on port 35729
2023-12-31 21:38:09.280  INFO 15260 --- [restartedMain] o.s.b.w.embedded.tomcat.TomcatWebServer  : Tomcat started on port(s): 9081 (http) with context path ''
2023-12-31 21:38:09.284  INFO 15260 --- [restartedMain] c.e.GetTimeDate.GetTimeDateApplication   : Started GetTimeDateApplication in 0.625 seconds (JVM running for 370.571)
2023-12-31 21:38:09.287  INFO 15260 --- [restartedMain] .ConditionEvaluationDeltaLoggingListener : Condition evaluation unchanged
2023-12-31 21:38:10.691  INFO 15260 --- [File Watcher] rtingClassPathChangeChangedEventListener : Restarting due to 2 class path changes (2 additions, 0 deletions, 0 modifications)
2023-12-31 21:38:10.708  INFO 15260 --- [Thread-7] o.apache.catalina.core.StandardService   : Stopping service [Tomcat]
2023-12-31 21:38:10.801  INFO 15260 --- [restartedMain] c.e.GetTimeDate.GetTimeDateApplication   : Starting GetTimeDateApplication using Java 17.0.9 on LAPTOP-7R55RD7L with PID 15260 (D:\Eclipse_Workspace\GetTimeDate\target\classes started by manda in D:\Eclipse_Workspace\GetTimeDate)
2023-12-31 21:38:10.801  INFO 15260 --- [restartedMain] c.e.GetTimeDate.GetTimeDateApplication   : No active profile set, falling back to 1 default profile: "default"
2023-12-31 21:38:11.050  INFO 15260 --- [restartedMain] trationDelegate$BeanPostProcessorChecker : Bean 'org.springframework.ws.config.annotation.DelegatingWsConfiguration' of type [org.springframework.ws.config.annotation.DelegatingWsConfiguration$$EnhancerBySpringCGLIB$$f68da679] is not eligible for getting processed by all BeanPostProcessors (for example: not eligible for auto-proxying)
2023-12-31 21:38:11.052  INFO 15260 --- [restartedMain] .w.s.a.s.AnnotationActionEndpointMapping : Supporting [WS-Addressing August 2004, WS-Addressing 1.0]
2023-12-31 21:38:11.113  INFO 15260 --- [restartedMain] o.s.b.w.embedded.tomcat.TomcatWebServer  : Tomcat initialized with port(s): 9081 (http)
2023-12-31 21:38:11.114  INFO 15260 --- [restartedMain] o.apache.catalina.core.StandardService   : Starting service [Tomcat]
2023-12-31 21:38:11.115  INFO 15260 --- [restartedMain] org.apache.catalina.core.StandardEngine  : Starting Servlet engine: [Apache Tomcat/9.0.74]
2023-12-31 21:38:11.158  INFO 15260 --- [restartedMain] o.a.c.c.C.[Tomcat].[localhost].[/]       : Initializing Spring embedded WebApplicationContext
2023-12-31 21:38:11.158  INFO 15260 --- [restartedMain] w.s.c.ServletWebServerApplicationContext : Root WebApplicationContext: initialization completed in 354 ms
2023-12-31 21:38:11.248  INFO 15260 --- [restartedMain] AbstractAzureServiceClientBuilderFactory : Will configure the default credential of type DefaultAzureCredential for class com.azure.identity.DefaultAzureCredentialBuilder.
2023-12-31 21:38:11.285  INFO 15260 --- [restartedMain] o.s.b.d.a.OptionalLiveReloadServer       : LiveReload server is running on port 35729
2023-12-31 21:38:11.295  INFO 15260 --- [restartedMain] o.s.b.w.embedded.tomcat.TomcatWebServer  : Tomcat started on port(s): 9081 (http) with context path ''
2023-12-31 21:38:11.300  INFO 15260 --- [restartedMain] c.e.GetTimeDate.GetTimeDateApplication   : Started GetTimeDateApplication in 0.536 seconds (JVM running for 372.588)
2023-12-31 21:38:11.302  INFO 15260 --- [restartedMain] .ConditionEvaluationDeltaLoggingListener : Condition evaluation unchanged
2023-12-31 21:38:20.511  INFO 15260 --- [http-nio-9081-exec-8] o.a.c.c.C.[Tomcat].[localhost].[/]       : Initializing Spring DispatcherServlet 'dispatcherServlet'
2023-12-31 21:38:20.511  INFO 15260 --- [http-nio-9081-exec-8] o.s.web.servlet.DispatcherServlet        : Initializing Servlet 'dispatcherServlet'
2023-12-31 21:38:20.512  INFO 15260 --- [http-nio-9081-exec-8] o.s.web.servlet.DispatcherServlet        : Completed initialization in 1 ms
2023-12-31 21:38:20.514  INFO 15260 --- [http-nio-9081-exec-8] com.example.GetTimeDate.TimeController   : *** /gettime/api/time *** called in TimeController class 
